# JRE version: Java(TM) SE Runtime Environment (8.0_25-b17) (build 1.8.0_25-b17)
# Java VM: Java HotSpot(TM) 64-Bit Server VM (25.25-b02 mixed mode linux-amd64 compressed oops)
Heap:
 PSYoungGen      total 522240K, used 440038K [0x00000000d5580000, 0x00000000fa580000, 0x0000000100000000)
  eden space 458752K, 83% used [0x00000000d5580000,0x00000000ecd25438,0x00000000f1580000)
  from space 63488K, 87% used [0x00000000f5880000,0x00000000f8e947b8,0x00000000f9680000)
  to   space 68608K, 0% used [0x00000000f1580000,0x00000000f1580000,0x00000000f5880000)
 ParOldGen       total 281600K, used 110581K [0x0000000080000000, 0x0000000091300000, 0x00000000d5580000)
  object space 281600K, 39% used [0x0000000080000000,0x0000000086bfd790,0x0000000091300000)
 Metaspace       used 90215K, capacity 95458K, committed 95616K, reserved 1132544K
  class space    used 11504K, capacity 13369K, committed 13440K, reserved 1048576K
GC Heap History (10 events):
Event: 13.225 GC heap before
{Heap before GC invocations=9 (full 2):
 PSYoungGen      total 296448K, used 295649K [0x00000000d5580000, 0x00000000ed600000, 0x0000000100000000)
  eden space 259584K, 100% used [0x00000000d5580000,0x00000000e5300000,0x00000000e5300000)
  from space 36864K, 97% used [0x00000000e7c80000,0x00000000e9fb8740,0x00000000ea080000)
  to   space 42496K, 0% used [0x00000000e5300000,0x00000000e5300000,0x00000000e7c80000)
 ParOldGen       total 194560K, used 58103K [0x0000000080000000, 0x000000008be00000, 0x00000000d5580000)
  object space 194560K, 29% used [0x0000000080000000,0x00000000838bddd0,0x000000008be00000)
 Metaspace       used 46231K, capacity 50172K, committed 50432K, reserved 1093632K
  class space    used 5342K, capacity 6608K, committed 6656K, reserved 1048576K
Event: 13.309 GC heap after
Heap after GC invocations=9 (full 2):
 PSYoungGen      total 302080K, used 42489K [0x00000000d5580000, 0x00000000f3800000, 0x0000000100000000)
  eden space 259584K, 0% used [0x00000000d5580000,0x00000000d5580000,0x00000000e5300000)
  from space 42496K, 99% used [0x00000000e5300000,0x00000000e7c7e6b0,0x00000000e7c80000)
  to   space 55296K, 0% used [0x00000000f0200000,0x00000000f0200000,0x00000000f3800000)
 ParOldGen       total 194560K, used 69743K [0x0000000080000000, 0x000000008be00000, 0x00000000d5580000)
  object space 194560K, 35% used [0x0000000080000000,0x000000008441bde0,0x000000008be00000)
 Metaspace       used 46231K, capacity 50172K, committed 50432K, reserved 1093632K
  class space    used 5342K, capacity 6608K, committed 6656K, reserved 1048576K
}
Event: 14.878 GC heap before
{Heap before GC invocations=10 (full 2):
 PSYoungGen      total 302080K, used 170133K [0x00000000d5580000, 0x00000000f3800000, 0x0000000100000000)
  eden space 259584K, 49% used [0x00000000d5580000,0x00000000dd226e38,0x00000000e5300000)
  from space 42496K, 99% used [0x00000000e5300000,0x00000000e7c7e6b0,0x00000000e7c80000)
  to   space 55296K, 0% used [0x00000000f0200000,0x00000000f0200000,0x00000000f3800000)
 ParOldGen       total 194560K, used 69743K [0x0000000080000000, 0x000000008be00000, 0x00000000d5580000)
  object space 194560K, 35% used [0x0000000080000000,0x000000008441bde0,0x000000008be00000)
 Metaspace       used 54654K, capacity 59018K, committed 59160K, reserved 1099776K
  class space    used 6426K, capacity 7957K, committed 8064K, reserved 1048576K
Event: 14.971 GC heap after
Heap after GC invocations=10 (full 2):
 PSYoungGen      total 427520K, used 55267K [0x00000000d5580000, 0x00000000f5600000, 0x0000000100000000)
  eden space 372224K, 0% used [0x00000000d5580000,0x00000000d5580000,0x00000000ec100000)
  from space 55296K, 99% used [0x00000000f0200000,0x00000000f37f8cd0,0x00000000f3800000)
  to   space 66560K, 0% used [0x00000000ec100000,0x00000000ec100000,0x00000000f0200000)
 ParOldGen       total 194560K, used 76063K [0x0000000080000000, 0x000000008be00000, 0x00000000d5580000)
  object space 194560K, 39% used [0x0000000080000000,0x0000000084a47c18,0x000000008be00000)
 Metaspace       used 54654K, capacity 59018K, committed 59160K, reserved 1099776K
  class space    used 6426K, capacity 7957K, committed 8064K, reserved 1048576K
}
Event: 14.971 GC heap before
{Heap before GC invocations=11 (full 3):
 PSYoungGen      total 427520K, used 55267K [0x00000000d5580000, 0x00000000f5600000, 0x0000000100000000)
  eden space 372224K, 0% used [0x00000000d5580000,0x00000000d5580000,0x00000000ec100000)
  from space 55296K, 99% used [0x00000000f0200000,0x00000000f37f8cd0,0x00000000f3800000)
  to   space 66560K, 0% used [0x00000000ec100000,0x00000000ec100000,0x00000000f0200000)
 ParOldGen       total 194560K, used 76063K [0x0000000080000000, 0x000000008be00000, 0x00000000d5580000)
  object space 194560K, 39% used [0x0000000080000000,0x0000000084a47c18,0x000000008be00000)
 Metaspace       used 54654K, capacity 59018K, committed 59160K, reserved 1099776K
  class space    used 6426K, capacity 7957K, committed 8064K, reserved 1048576K
Event: 15.484 GC heap after
Heap after GC invocations=11 (full 3):
 PSYoungGen      total 427520K, used 0K [0x00000000d5580000, 0x00000000f5600000, 0x0000000100000000)
  eden space 372224K, 0% used [0x00000000d5580000,0x00000000d5580000,0x00000000ec100000)
  from space 55296K, 0% used [0x00000000f0200000,0x00000000f0200000,0x00000000f3800000)
  to   space 66560K, 0% used [0x00000000ec100000,0x00000000ec100000,0x00000000f0200000)
 ParOldGen       total 281600K, used 110565K [0x0000000080000000, 0x0000000091300000, 0x00000000d5580000)
  object space 281600K, 39% used [0x0000000080000000,0x0000000086bf9790,0x0000000091300000)
 Metaspace       used 54654K, capacity 59018K, committed 59160K, reserved 1099776K
  class space    used 6426K, capacity 7957K, committed 8064K, reserved 1048576K
}
Event: 16.894 GC heap before
{Heap before GC invocations=12 (full 3):
 PSYoungGen      total 427520K, used 372224K [0x00000000d5580000, 0x00000000f5600000, 0x0000000100000000)
  eden space 372224K, 100% used [0x00000000d5580000,0x00000000ec100000,0x00000000ec100000)
  from space 55296K, 0% used [0x00000000f0200000,0x00000000f0200000,0x00000000f3800000)
  to   space 66560K, 0% used [0x00000000ec100000,0x00000000ec100000,0x00000000f0200000)
 ParOldGen       total 281600K, used 110565K [0x0000000080000000, 0x0000000091300000, 0x00000000d5580000)
  object space 281600K, 39% used [0x0000000080000000,0x0000000086bf9790,0x0000000091300000)
 Metaspace       used 60027K, capacity 64684K, committed 64896K, reserved 1105920K
  class space    used 7033K, capacity 8740K, committed 8832K, reserved 1048576K
Event: 16.941 GC heap after
Heap after GC invocations=12 (full 3):
 PSYoungGen      total 438784K, used 29669K [0x00000000d5580000, 0x00000000f9680000, 0x0000000100000000)
  eden space 372224K, 0% used [0x00000000d5580000,0x00000000d5580000,0x00000000ec100000)
  from space 66560K, 44% used [0x00000000ec100000,0x00000000eddf96b0,0x00000000f0200000)
  to   space 63488K, 0% used [0x00000000f5880000,0x00000000f5880000,0x00000000f9680000)
 ParOldGen       total 281600K, used 110573K [0x0000000080000000, 0x0000000091300000, 0x00000000d5580000)
  object space 281600K, 39% used [0x0000000080000000,0x0000000086bfb790,0x0000000091300000)
 Metaspace       used 60027K, capacity 64684K, committed 64896K, reserved 1105920K
  class space    used 7033K, capacity 8740K, committed 8832K, reserved 1048576K
}
Event: 18.732 GC heap before
{Heap before GC invocations=13 (full 3):
 PSYoungGen      total 438784K, used 401893K [0x00000000d5580000, 0x00000000f9680000, 0x0000000100000000)
  eden space 372224K, 100% used [0x00000000d5580000,0x00000000ec100000,0x00000000ec100000)
  from space 66560K, 44% used [0x00000000ec100000,0x00000000eddf96b0,0x00000000f0200000)
  to   space 63488K, 0% used [0x00000000f5880000,0x00000000f5880000,0x00000000f9680000)
 ParOldGen       total 281600K, used 110573K [0x0000000080000000, 0x0000000091300000, 0x00000000d5580000)
  object space 281600K, 39% used [0x0000000080000000,0x0000000086bfb790,0x0000000091300000)
 Metaspace       used 70503K, capacity 75528K, committed 75648K, reserved 1114112K
  class space    used 8622K, capacity 10359K, committed 10368K, reserved 1048576K
Event: 18.830 GC heap after
Heap after GC invocations=13 (full 3):
 PSYoungGen      total 522240K, used 55377K [0x00000000d5580000, 0x00000000fa580000, 0x0000000100000000)
  eden space 458752K, 0% used [0x00000000d5580000,0x00000000d5580000,0x00000000f1580000)
  from space 63488K, 87% used [0x00000000f5880000,0x00000000f8e947b8,0x00000000f9680000)
  to   space 68608K, 0% used [0x00000000f1580000,0x00000000f1580000,0x00000000f5880000)
 ParOldGen       total 281600K, used 110581K [0x0000000080000000, 0x0000000091300000, 0x00000000d5580000)
  object space 281600K, 39% used [0x0000000080000000,0x0000000086bfd790,0x0000000091300000)
 Metaspace       used 70503K, capacity 75528K, committed 75648K, reserved 1114112K
  class space    used 8622K, capacity 10359K, committed 10368K, reserved 1048576K
}

