# JRE version: Java(TM) SE Runtime Environment (8.0_25-b17) (build 1.8.0_25-b17)
# Java VM: Java HotSpot(TM) 64-Bit Server VM (25.25-b02 mixed mode linux-amd64 compressed oops)
Heap:
 PSYoungGen      total 516608K, used 15837K [0x00000000d5580000, 0x0000000100000000, 0x0000000100000000)
  eden space 501248K, 3% used [0x00000000d5580000,0x00000000d64f7500,0x00000000f3f00000)
  from space 15360K, 0% used [0x00000000f3f00000,0x00000000f3f00000,0x00000000f4e00000)
  to   space 99328K, 0% used [0x00000000f9f00000,0x00000000f9f00000,0x0000000100000000)
 ParOldGen       total 369664K, used 225218K [0x0000000080000000, 0x0000000096900000, 0x00000000d5580000)
  object space 369664K, 60% used [0x0000000080000000,0x000000008dbf0b80,0x0000000096900000)
 Metaspace       used 113520K, capacity 120170K, committed 120320K, reserved 1153024K
  class space    used 13919K, capacity 16030K, committed 16128K, reserved 1048576K
GC Heap History (10 events):
Event: 63.149 GC heap before
{Heap before GC invocations=17 (full 4):
 PSYoungGen      total 590848K, used 498176K [0x00000000d5580000, 0x0000000100000000, 0x0000000100000000)
  eden space 498176K, 100% used [0x00000000d5580000,0x00000000f3c00000,0x00000000f3c00000)
  from space 92672K, 0% used [0x00000000fa580000,0x00000000fa580000,0x0000000100000000)
  to   space 100352K, 0% used [0x00000000f3c00000,0x00000000f3c00000,0x00000000f9e00000)
 ParOldGen       total 369664K, used 179616K [0x0000000080000000, 0x0000000096900000, 0x00000000d5580000)
  object space 369664K, 48% used [0x0000000080000000,0x000000008af68280,0x0000000096900000)
 Metaspace       used 102037K, capacity 107940K, committed 108032K, reserved 1142784K
  class space    used 12811K, capacity 14765K, committed 14848K, reserved 1048576K
Event: 63.215 GC heap after
Heap after GC invocations=17 (full 4):
 PSYoungGen      total 598528K, used 37913K [0x00000000d5580000, 0x00000000fff80000, 0x0000000100000000)
  eden space 498176K, 0% used [0x00000000d5580000,0x00000000d5580000,0x00000000f3c00000)
  from space 100352K, 37% used [0x00000000f3c00000,0x00000000f6106700,0x00000000f9e00000)
  to   space 96256K, 0% used [0x00000000fa180000,0x00000000fa180000,0x00000000fff80000)
 ParOldGen       total 369664K, used 179624K [0x0000000080000000, 0x0000000096900000, 0x00000000d5580000)
  object space 369664K, 48% used [0x0000000080000000,0x000000008af6a280,0x0000000096900000)
 Metaspace       used 102037K, capacity 107940K, committed 108032K, reserved 1142784K
  class space    used 12811K, capacity 14765K, committed 14848K, reserved 1048576K
}
Event: 89.941 GC heap before
{Heap before GC invocations=18 (full 4):
 PSYoungGen      total 598528K, used 425477K [0x00000000d5580000, 0x00000000fff80000, 0x0000000100000000)
  eden space 498176K, 77% used [0x00000000d5580000,0x00000000ecffae98,0x00000000f3c00000)
  from space 100352K, 37% used [0x00000000f3c00000,0x00000000f6106700,0x00000000f9e00000)
  to   space 96256K, 0% used [0x00000000fa180000,0x00000000fa180000,0x00000000fff80000)
 ParOldGen       total 369664K, used 179624K [0x0000000080000000, 0x0000000096900000, 0x00000000d5580000)
  object space 369664K, 48% used [0x0000000080000000,0x000000008af6a280,0x0000000096900000)
 Metaspace       used 111068K, capacity 117510K, committed 117760K, reserved 1150976K
  class space    used 13686K, capacity 15831K, committed 15872K, reserved 1048576K
Event: 90.033 GC heap after
Heap after GC invocations=18 (full 4):
 PSYoungGen      total 597504K, used 66270K [0x00000000d5580000, 0x0000000100000000, 0x0000000100000000)
  eden space 501248K, 0% used [0x00000000d5580000,0x00000000d5580000,0x00000000f3f00000)
  from space 96256K, 68% used [0x00000000fa180000,0x00000000fe237888,0x00000000fff80000)
  to   space 98816K, 0% used [0x00000000f3f00000,0x00000000f3f00000,0x00000000f9f80000)
 ParOldGen       total 369664K, used 179632K [0x0000000080000000, 0x0000000096900000, 0x00000000d5580000)
  object space 369664K, 48% used [0x0000000080000000,0x000000008af6c280,0x0000000096900000)
 Metaspace       used 111068K, capacity 117510K, committed 117760K, reserved 1150976K
  class space    used 13686K, capacity 15831K, committed 15872K, reserved 1048576K
}
Event: 90.033 GC heap before
{Heap before GC invocations=19 (full 5):
 PSYoungGen      total 597504K, used 66270K [0x00000000d5580000, 0x0000000100000000, 0x0000000100000000)
  eden space 501248K, 0% used [0x00000000d5580000,0x00000000d5580000,0x00000000f3f00000)
  from space 96256K, 68% used [0x00000000fa180000,0x00000000fe237888,0x00000000fff80000)
  to   space 98816K, 0% used [0x00000000f3f00000,0x00000000f3f00000,0x00000000f9f80000)
 ParOldGen       total 369664K, used 179632K [0x0000000080000000, 0x0000000096900000, 0x00000000d5580000)
  object space 369664K, 48% used [0x0000000080000000,0x000000008af6c280,0x0000000096900000)
 Metaspace       used 111068K, capacity 117510K, committed 117760K, reserved 1150976K
  class space    used 13686K, capacity 15831K, committed 15872K, reserved 1048576K
Event: 91.081 GC heap after
Heap after GC invocations=19 (full 5):
 PSYoungGen      total 597504K, used 0K [0x00000000d5580000, 0x0000000100000000, 0x0000000100000000)
  eden space 501248K, 0% used [0x00000000d5580000,0x00000000d5580000,0x00000000f3f00000)
  from space 96256K, 0% used [0x00000000fa180000,0x00000000fa180000,0x00000000fff80000)
  to   space 98816K, 0% used [0x00000000f3f00000,0x00000000f3f00000,0x00000000f9f80000)
 ParOldGen       total 369664K, used 229586K [0x0000000080000000, 0x0000000096900000, 0x00000000d5580000)
  object space 369664K, 62% used [0x0000000080000000,0x000000008e034ae0,0x0000000096900000)
 Metaspace       used 111068K, capacity 117510K, committed 117760K, reserved 1150976K
  class space    used 13686K, capacity 15831K, committed 15872K, reserved 1048576K
}
Event: 159.061 GC heap before
{Heap before GC invocations=20 (full 5):
 PSYoungGen      total 597504K, used 191804K [0x00000000d5580000, 0x0000000100000000, 0x0000000100000000)
  eden space 501248K, 38% used [0x00000000d5580000,0x00000000e10cf2a0,0x00000000f3f00000)
  from space 96256K, 0% used [0x00000000fa180000,0x00000000fa180000,0x00000000fff80000)
  to   space 98816K, 0% used [0x00000000f3f00000,0x00000000f3f00000,0x00000000f9f80000)
 ParOldGen       total 369664K, used 229586K [0x0000000080000000, 0x0000000096900000, 0x00000000d5580000)
  object space 369664K, 62% used [0x0000000080000000,0x000000008e034ae0,0x0000000096900000)
 Metaspace       used 113472K, capacity 119978K, committed 120320K, reserved 1153024K
  class space    used 13918K, capacity 16030K, committed 16128K, reserved 1048576K
Event: 159.089 GC heap after
Heap after GC invocations=20 (full 5):
 PSYoungGen      total 516608K, used 15081K [0x00000000d5580000, 0x0000000100000000, 0x0000000100000000)
  eden space 501248K, 0% used [0x00000000d5580000,0x00000000d5580000,0x00000000f3f00000)
  from space 15360K, 98% used [0x00000000f3f00000,0x00000000f4dba730,0x00000000f4e00000)
  to   space 99328K, 0% used [0x00000000f9f00000,0x00000000f9f00000,0x0000000100000000)
 ParOldGen       total 369664K, used 229594K [0x0000000080000000, 0x0000000096900000, 0x00000000d5580000)
  object space 369664K, 62% used [0x0000000080000000,0x000000008e036ae0,0x0000000096900000)
 Metaspace       used 113472K, capacity 119978K, committed 120320K, reserved 1153024K
  class space    used 13918K, capacity 16030K, committed 16128K, reserved 1048576K
}
Event: 159.089 GC heap before
{Heap before GC invocations=21 (full 6):
 PSYoungGen      total 516608K, used 15081K [0x00000000d5580000, 0x0000000100000000, 0x0000000100000000)
  eden space 501248K, 0% used [0x00000000d5580000,0x00000000d5580000,0x00000000f3f00000)
  from space 15360K, 98% used [0x00000000f3f00000,0x00000000f4dba730,0x00000000f4e00000)
  to   space 99328K, 0% used [0x00000000f9f00000,0x00000000f9f00000,0x0000000100000000)
 ParOldGen       total 369664K, used 229594K [0x0000000080000000, 0x0000000096900000, 0x00000000d5580000)
  object space 369664K, 62% used [0x0000000080000000,0x000000008e036ae0,0x0000000096900000)
 Metaspace       used 113472K, capacity 119978K, committed 120320K, reserved 1153024K
  class space    used 13918K, capacity 16030K, committed 16128K, reserved 1048576K
Event: 160.194 GC heap after
Heap after GC invocations=21 (full 6):
 PSYoungGen      total 516608K, used 0K [0x00000000d5580000, 0x0000000100000000, 0x0000000100000000)
  eden space 501248K, 0% used [0x00000000d5580000,0x00000000d5580000,0x00000000f3f00000)
  from space 15360K, 0% used [0x00000000f3f00000,0x00000000f3f00000,0x00000000f4e00000)
  to   space 99328K, 0% used [0x00000000f9f00000,0x00000000f9f00000,0x0000000100000000)
 ParOldGen       total 369664K, used 225218K [0x0000000080000000, 0x0000000096900000, 0x00000000d5580000)
  object space 369664K, 60% used [0x0000000080000000,0x000000008dbf0b80,0x0000000096900000)
 Metaspace       used 113472K, capacity 119978K, committed 120320K, reserved 1153024K
  class space    used 13918K, capacity 16030K, committed 16128K, reserved 1048576K
}

