# JRE version: Java(TM) SE Runtime Environment (8.0_25-b17) (build 1.8.0_25-b17)
# Java VM: Java HotSpot(TM) 64-Bit Server VM (25.25-b02 mixed mode linux-amd64 compressed oops)
Heap:
 PSYoungGen      total 588800K, used 293193K [0x00000000d5580000, 0x00000000ffb00000, 0x0000000100000000)
  eden space 547328K, 46% used [0x00000000d5580000,0x00000000e4b89940,0x00000000f6c00000)
  from space 41472K, 99% used [0x00000000f6c00000,0x00000000f9448d48,0x00000000f9480000)
  to   space 73216K, 0% used [0x00000000fb380000,0x00000000fb380000,0x00000000ffb00000)
 ParOldGen       total 365568K, used 169652K [0x0000000080000000, 0x0000000096500000, 0x00000000d5580000)
  object space 365568K, 46% used [0x0000000080000000,0x000000008a5ad340,0x0000000096500000)
 Metaspace       used 105808K, capacity 112186K, committed 112512K, reserved 1146880K
  class space    used 13158K, capacity 15148K, committed 15232K, reserved 1048576K
GC Heap History (10 events):
Event: 24.165 GC heap before
{Heap before GC invocations=13 (full 3):
 PSYoungGen      total 442880K, used 382464K [0x00000000d5580000, 0x00000000fe880000, 0x0000000100000000)
  eden space 382464K, 100% used [0x00000000d5580000,0x00000000ecb00000,0x00000000ecb00000)
  from space 60416K, 0% used [0x00000000ecb00000,0x00000000ecb00000,0x00000000f0600000)
  to   space 70144K, 0% used [0x00000000fa400000,0x00000000fa400000,0x00000000fe880000)
 ParOldGen       total 293376K, used 130083K [0x0000000080000000, 0x0000000091e80000, 0x00000000d5580000)
  object space 293376K, 44% used [0x0000000080000000,0x0000000087f08c80,0x0000000091e80000)
 Metaspace       used 79850K, capacity 85228K, committed 85376K, reserved 1122304K
  class space    used 10442K, capacity 12353K, committed 12416K, reserved 1048576K
Event: 24.253 GC heap after
Heap after GC invocations=13 (full 3):
 PSYoungGen      total 556032K, used 51536K [0x00000000d5580000, 0x00000000fd680000, 0x0000000100000000)
  eden space 504320K, 0% used [0x00000000d5580000,0x00000000d5580000,0x00000000f4200000)
  from space 51712K, 99% used [0x00000000fa400000,0x00000000fd654158,0x00000000fd680000)
  to   space 72704K, 0% used [0x00000000f4880000,0x00000000f4880000,0x00000000f8f80000)
 ParOldGen       total 293376K, used 130091K [0x0000000080000000, 0x0000000091e80000, 0x00000000d5580000)
  object space 293376K, 44% used [0x0000000080000000,0x0000000087f0ac80,0x0000000091e80000)
 Metaspace       used 79850K, capacity 85228K, committed 85376K, reserved 1122304K
  class space    used 10442K, capacity 12353K, committed 12416K, reserved 1048576K
}
Event: 28.418 GC heap before
{Heap before GC invocations=14 (full 3):
 PSYoungGen      total 556032K, used 555856K [0x00000000d5580000, 0x00000000fd680000, 0x0000000100000000)
  eden space 504320K, 100% used [0x00000000d5580000,0x00000000f4200000,0x00000000f4200000)
  from space 51712K, 99% used [0x00000000fa400000,0x00000000fd654158,0x00000000fd680000)
  to   space 72704K, 0% used [0x00000000f4880000,0x00000000f4880000,0x00000000f8f80000)
 ParOldGen       total 293376K, used 130091K [0x0000000080000000, 0x0000000091e80000, 0x00000000d5580000)
  object space 293376K, 44% used [0x0000000080000000,0x0000000087f0ac80,0x0000000091e80000)
 Metaspace       used 90967K, capacity 96750K, committed 96768K, reserved 1132544K
  class space    used 11778K, capacity 13808K, committed 13824K, reserved 1048576K
Event: 28.513 GC heap after
Heap after GC invocations=14 (full 3):
 PSYoungGen      total 583680K, used 54737K [0x00000000d5580000, 0x0000000100000000, 0x0000000100000000)
  eden space 510976K, 0% used [0x00000000d5580000,0x00000000d5580000,0x00000000f4880000)
  from space 72704K, 75% used [0x00000000f4880000,0x00000000f7df4758,0x00000000f8f80000)
  to   space 76288K, 0% used [0x00000000fb580000,0x00000000fb580000,0x0000000100000000)
 ParOldGen       total 293376K, used 130118K [0x0000000080000000, 0x0000000091e80000, 0x00000000d5580000)
  object space 293376K, 44% used [0x0000000080000000,0x0000000087f118d0,0x0000000091e80000)
 Metaspace       used 90967K, capacity 96750K, committed 96768K, reserved 1132544K
  class space    used 11778K, capacity 13808K, committed 13824K, reserved 1048576K
}
Event: 28.834 GC heap before
{Heap before GC invocations=15 (full 3):
 PSYoungGen      total 583680K, used 118976K [0x00000000d5580000, 0x0000000100000000, 0x0000000100000000)
  eden space 510976K, 12% used [0x00000000d5580000,0x00000000d943b980,0x00000000f4880000)
  from space 72704K, 75% used [0x00000000f4880000,0x00000000f7df4758,0x00000000f8f80000)
  to   space 76288K, 0% used [0x00000000fb580000,0x00000000fb580000,0x0000000100000000)
 ParOldGen       total 293376K, used 130118K [0x0000000080000000, 0x0000000091e80000, 0x00000000d5580000)
  object space 293376K, 44% used [0x0000000080000000,0x0000000087f118d0,0x0000000091e80000)
 Metaspace       used 92489K, capacity 98340K, committed 98496K, reserved 1134592K
  class space    used 11951K, capacity 13976K, committed 14080K, reserved 1048576K
Event: 28.920 GC heap after
Heap after GC invocations=15 (full 3):
 PSYoungGen      total 623616K, used 21760K [0x00000000d5580000, 0x0000000100000000, 0x0000000100000000)
  eden space 547328K, 0% used [0x00000000d5580000,0x00000000d5580000,0x00000000f6c00000)
  from space 76288K, 28% used [0x00000000fb580000,0x00000000fcac02a8,0x0000000100000000)
  to   space 75264K, 0% used [0x00000000f6c00000,0x00000000f6c00000,0x00000000fb580000)
 ParOldGen       total 293376K, used 154859K [0x0000000080000000, 0x0000000091e80000, 0x00000000d5580000)
  object space 293376K, 52% used [0x0000000080000000,0x000000008973ae68,0x0000000091e80000)
 Metaspace       used 92489K, capacity 98340K, committed 98496K, reserved 1134592K
  class space    used 11951K, capacity 13976K, committed 14080K, reserved 1048576K
}
Event: 28.920 GC heap before
{Heap before GC invocations=16 (full 4):
 PSYoungGen      total 623616K, used 21760K [0x00000000d5580000, 0x0000000100000000, 0x0000000100000000)
  eden space 547328K, 0% used [0x00000000d5580000,0x00000000d5580000,0x00000000f6c00000)
  from space 76288K, 28% used [0x00000000fb580000,0x00000000fcac02a8,0x0000000100000000)
  to   space 75264K, 0% used [0x00000000f6c00000,0x00000000f6c00000,0x00000000fb580000)
 ParOldGen       total 293376K, used 154859K [0x0000000080000000, 0x0000000091e80000, 0x00000000d5580000)
  object space 293376K, 52% used [0x0000000080000000,0x000000008973ae68,0x0000000091e80000)
 Metaspace       used 92489K, capacity 98340K, committed 98496K, reserved 1134592K
  class space    used 11951K, capacity 13976K, committed 14080K, reserved 1048576K
Event: 29.515 GC heap after
Heap after GC invocations=16 (full 4):
 PSYoungGen      total 623616K, used 0K [0x00000000d5580000, 0x0000000100000000, 0x0000000100000000)
  eden space 547328K, 0% used [0x00000000d5580000,0x00000000d5580000,0x00000000f6c00000)
  from space 76288K, 0% used [0x00000000fb580000,0x00000000fb580000,0x0000000100000000)
  to   space 75264K, 0% used [0x00000000f6c00000,0x00000000f6c00000,0x00000000fb580000)
 ParOldGen       total 365568K, used 169644K [0x0000000080000000, 0x0000000096500000, 0x00000000d5580000)
  object space 365568K, 46% used [0x0000000080000000,0x000000008a5ab340,0x0000000096500000)
 Metaspace       used 92489K, capacity 98340K, committed 98496K, reserved 1134592K
  class space    used 11951K, capacity 13976K, committed 14080K, reserved 1048576K
}
Event: 38.971 GC heap before
{Heap before GC invocations=17 (full 4):
 PSYoungGen      total 623616K, used 547328K [0x00000000d5580000, 0x0000000100000000, 0x0000000100000000)
  eden space 547328K, 100% used [0x00000000d5580000,0x00000000f6c00000,0x00000000f6c00000)
  from space 76288K, 0% used [0x00000000fb580000,0x00000000fb580000,0x0000000100000000)
  to   space 75264K, 0% used [0x00000000f6c00000,0x00000000f6c00000,0x00000000fb580000)
 ParOldGen       total 365568K, used 169644K [0x0000000080000000, 0x0000000096500000, 0x00000000d5580000)
  object space 365568K, 46% used [0x0000000080000000,0x000000008a5ab340,0x0000000096500000)
 Metaspace       used 101162K, capacity 107144K, committed 107392K, reserved 1142784K
  class space    used 12673K, capacity 14624K, committed 14720K, reserved 1048576K
Event: 39.045 GC heap after
Heap after GC invocations=17 (full 4):
 PSYoungGen      total 588800K, used 41251K [0x00000000d5580000, 0x00000000ffb00000, 0x0000000100000000)
  eden space 547328K, 0% used [0x00000000d5580000,0x00000000d5580000,0x00000000f6c00000)
  from space 41472K, 99% used [0x00000000f6c00000,0x00000000f9448d48,0x00000000f9480000)
  to   space 73216K, 0% used [0x00000000fb380000,0x00000000fb380000,0x00000000ffb00000)
 ParOldGen       total 365568K, used 169652K [0x0000000080000000, 0x0000000096500000, 0x00000000d5580000)
  object space 365568K, 46% used [0x0000000080000000,0x000000008a5ad340,0x0000000096500000)
 Metaspace       used 101162K, capacity 107144K, committed 107392K, reserved 1142784K
  class space    used 12673K, capacity 14624K, committed 14720K, reserved 1048576K
}

